#options: 1280x720 fps=24/1 timebase=1/24 bitdepth=8 cabac=1 ref=1 deblock=1:0:0 analyse=0x1:0 me=dia subme=2 psy=1 psy_rd=1.00:0.00 mixed_ref=0 me_range=16 chroma_me=1 trellis=0 8x8dct=0 cqm=0 deadzone=21,11 fast_pskip=1 chroma_qp_offset=0 threads=18 lookahead_threads=5 sliced_threads=0 nr=0 decimate=1 interlaced=0 bluray_compat=0 constrained_intra=0 bframes=8 b_pyramid=2 b_adapt=2 b_bias=0 direct=3 weightb=1 open_gop=0 weightp=2 keyint=250 keyint_min=24 scenecut=40 intra_refresh=0 rc_lookahead=60 rc=abr mbtree=1 bitrate=1000 ratetol=1.0 qcomp=0.60 qpmin=0 qpmax=69 qpstep=4 ip_ratio=1.40 aq=1:1.00
in:0 out:0 type:I dur:2 cpbdur:2 q:33.27 aq:26.93 tex:898548 mv:155745 misc:219 imb:3600 pmb:0 smb:0 d:- ref:;
in:4 out:1 type:P dur:2 cpbdur:2 q:37.48 aq:32.44 tex:6179 mv:2483 misc:1834 imb:3 pmb:480 smb:3117 d:- ref:0 ;
in:2 out:2 type:B dur:2 cpbdur:2 q:37.48 aq:39.00 tex:134 mv:3337 misc:1825 imb:0 pmb:448 smb:3152 d:s ref:0 ;
in:1 out:3 type:b dur:2 cpbdur:2 q:37.48 aq:42.00 tex:44 mv:1151 misc:1309 imb:0 pmb:247 smb:3353 d:s ref:0 ;
in:3 out:4 type:b dur:2 cpbdur:2 q:37.48 aq:42.00 tex:42 mv:392 misc:406 imb:0 pmb:34 smb:3566 d:- ref:0 ;
in:10 out:5 type:P dur:2 cpbdur:2 q:37.61 aq:31.47 tex:15350 mv:4355 misc:2751 imb:18 pmb:839 smb:2743 d:- ref:0 ;
in:7 out:6 type:B dur:2 cpbdur:2 q:37.55 aq:38.87 tex:822 mv:478 misc:516 imb:0 pmb:48 smb:3552 d:t ref:0 ;
in:5 out:7 type:b dur:2 cpbdur:2 q:37.51 aq:39.88 tex:48 mv:1093 misc:1099 imb:1 pmb:201 smb:3398 d:s ref:0 ;
in:6 out:8 type:b dur:2 cpbdur:2 q:37.53 aq:42.00 tex:20 mv:112 misc:332 imb:0 pmb:15 smb:3585 d:t ref:0 ;
in:8 out:9 type:b dur:2 cpbdur:2 q:37.57 aq:38.62 tex:22 mv:236 misc:454 imb:1 pmb:44 smb:3555 d:- ref:0 ;
in:9 out:10 type:b dur:2 cpbdur:2 q:37.59 aq:39.03 tex:54 mv:281 misc:361 imb:0 pmb:27 smb:3573 d:- ref:0 ;
in:15 out:11 type:P dur:2 cpbdur:2 q:37.66 aq:31.01 tex:20523 mv:5376 misc:3133 imb:26 pmb:1071 smb:2503 d:- ref:0 ;
in:12 out:12 type:B dur:2 cpbdur:2 q:37.63 aq:39.05 tex:820 mv:1596 misc:936 imb:0 pmb:156 smb:3444 d:t ref:0 ;
in:11 out:13 type:b dur:2 cpbdur:2 q:37.62 aq:41.00 tex:51 mv:844 misc:745 imb:0 pmb:107 smb:3493 d:s ref:0 ;
in:13 out:14 type:b dur:2 cpbdur:2 q:37.64 aq:41.00 tex:6 mv:276 misc:534 imb:0 pmb:58 smb:3542 d:- ref:0 ;
in:14 out:15 type:b dur:2 cpbdur:2 q:37.65 aq:40.00 tex:35 mv:165 misc:632 imb:0 pmb:87 smb:3513 d:- ref:0 ;
in:24 out:16 type:P dur:2 cpbdur:2 q:37.82 aq:31.83 tex:24271 mv:7121 misc:3224 imb:46 pmb:1199 smb:2355 d:- ref:0 ;
in:19 out:17 type:B dur:2 cpbdur:2 q:37.73 aq:35.17 tex:2701 mv:10368 misc:3339 imb:2 pmb:1372 smb:2226 d:s ref:0 ;
in:16 out:18 type:b dur:2 cpbdur:2 q:37.68 aq:41.69 tex:467 mv:4061 misc:2456 imb:0 pmb:654 smb:2946 d:s ref:0 ;
in:17 out:19 type:b dur:2 cpbdur:2 q:37.70 aq:42.22 tex:569 mv:3877 misc:2458 imb:0 pmb:648 smb:2952 d:s ref:0 ;
in:18 out:20 type:b dur:2 cpbdur:2 q:37.71 aq:43.21 tex:171 mv:794 misc:715 imb:0 pmb:100 smb:3500 d:s ref:0 ;
in:20 out:21 type:b dur:2 cpbdur:2 q:37.75 aq:36.48 tex:35 mv:168 misc:733 imb:1 pmb:98 smb:3501 d:- ref:0 ;
in:21 out:22 type:b dur:2 cpbdur:2 q:37.77 aq:41.84 tex:352 mv:1161 misc:919 imb:0 pmb:145 smb:3455 d:- ref:0 ;
in:22 out:23 type:b dur:2 cpbdur:2 q:37.78 aq:40.25 tex:373 mv:891 misc:696 imb:0 pmb:100 smb:3500 d:- ref:0 ;
in:23 out:24 type:b dur:2 cpbdur:2 q:37.80 aq:39.98 tex:85 mv:590 misc:613 imb:0 pmb:74 smb:3526 d:- ref:0 ;
in:31 out:25 type:P dur:2 cpbdur:2 q:45.82 aq:42.50 tex:2525 mv:2473 misc:1290 imb:29 pmb:299 smb:3272 d:s ref:0 ;
in:27 out:26 type:B dur:2 cpbdur:2 q:41.25 aq:39.55 tex:1025 mv:1859 misc:1068 imb:2 pmb:210 smb:3388 d:t ref:0 ;
in:25 out:27 type:b dur:2 cpbdur:2 q:38.96 aq:41.05 tex:118 mv:786 misc:1024 imb:0 pmb:170 smb:3430 d:t ref:0 ;
in:26 out:28 type:b dur:2 cpbdur:2 q:40.11 aq:42.92 tex:109 mv:935 misc:748 imb:1 pmb:97 smb:3502 d:s ref:0 ;
in:28 out:29 type:b dur:2 cpbdur:2 q:42.39 aq:44.60 tex:25 mv:232 misc:423 imb:0 pmb:34 smb:3566 d:- ref:0 ;
in:29 out:30 type:b dur:2 cpbdur:2 q:43.53 aq:46.70 tex:94 mv:815 misc:795 imb:0 pmb:115 smb:3485 d:- ref:0 ;
in:30 out:31 type:b dur:2 cpbdur:2 q:44.68 aq:46.00 tex:1 mv:68 misc:259 imb:0 pmb:5 smb:3595 d:- ref:0 ;
in:36 out:32 type:P dur:2 cpbdur:2 q:41.82 aq:38.35 tex:6768 mv:4267 misc:2109 imb:28 pmb:597 smb:2975 d:s ref:0 ;
in:33 out:33 type:B dur:2 cpbdur:2 q:44.22 aq:43.06 tex:154 mv:962 misc:828 imb:1 pmb:117 smb:3482 d:t ref:0 ;
in:32 out:34 type:b dur:2 cpbdur:2 q:45.02 aq:46.00 tex:1 mv:19 misc:236 imb:0 pmb:2 smb:3598 d:s ref:0 ;
in:34 out:35 type:b dur:2 cpbdur:2 q:43.42 aq:46.46 tex:73 mv:522 misc:637 imb:0 pmb:80 smb:3520 d:- ref:0 ;
in:35 out:36 type:b dur:2 cpbdur:2 q:42.62 aq:43.00 tex:20 mv:548 misc:720 imb:0 pmb:95 smb:3505 d:- ref:0 ;
in:42 out:37 type:P dur:2 cpbdur:2 q:37.82 aq:35.31 tex:22953 mv:7883 misc:3092 imb:47 pmb:1196 smb:2357 d:s ref:0 ;
in:39 out:38 type:B dur:2 cpbdur:2 q:39.82 aq:39.56 tex:1193 mv:1595 misc:948 imb:1 pmb:173 smb:3426 d:t ref:0 ;
in:37 out:39 type:b dur:2 cpbdur:2 q:41.15 aq:44.19 tex:27 mv:283 misc:402 imb:0 pmb:30 smb:3570 d:s ref:0 ;
in:38 out:40 type:b dur:2 cpbdur:2 q:40.49 aq:42.23 tex:44 mv:472 misc:548 imb:0 pmb:59 smb:3541 d:s ref:0 ;
in:40 out:41 type:b dur:2 cpbdur:2 q:39.15 aq:41.97 tex:195 mv:911 misc:750 imb:1 pmb:107 smb:3492 d:- ref:0 ;
in:41 out:42 type:b dur:2 cpbdur:2 q:38.49 aq:40.52 tex:336 mv:840 misc:696 imb:0 pmb:94 smb:3506 d:- ref:0 ;
in:46 out:43 type:P dur:2 cpbdur:2 q:33.79 aq:32.41 tex:58561 mv:10681 misc:3486 imb:46 pmb:2005 smb:1549 d:s ref:0 ;
in:44 out:44 type:B dur:2 cpbdur:2 q:35.81 aq:36.56 tex:1890 mv:1599 misc:999 imb:0 pmb:170 smb:3430 d:s ref:0 ;
in:43 out:45 type:b dur:2 cpbdur:2 q:36.81 aq:37.00 tex:38 mv:404 misc:486 imb:0 pmb:52 smb:3548 d:s ref:0 ;
in:45 out:46 type:b dur:2 cpbdur:2 q:34.80 aq:38.24 tex:427 mv:988 misc:713 imb:0 pmb:107 smb:3493 d:- ref:0 ;
in:49 out:47 type:P dur:2 cpbdur:2 q:32.40 aq:33.62 tex:8089 mv:2895 misc:2016 imb:8 pmb:547 smb:3045 d:s ref:0 ;
in:47 out:48 type:B dur:2 cpbdur:2 q:33.33 aq:36.83 tex:811 mv:953 misc:908 imb:0 pmb:142 smb:3458 d:t ref:0 ;
in:48 out:49 type:b dur:2 cpbdur:2 q:32.86 aq:35.27 tex:1681 mv:1063 misc:1120 imb:2 pmb:173 smb:3425 d:- ref:0 ;
in:50 out:50 type:I dur:2 cpbdur:2 q:35.31 aq:27.48 tex:306179 mv:84864 misc:237 imb:3600 pmb:0 smb:0 d:s ref:;
in:56 out:51 type:P dur:2 cpbdur:2 q:32.71 aq:24.68 tex:87504 mv:13129 misc:2431 imb:288 pmb:2705 smb:607 d:s ref:0 ;
in:53 out:52 type:B dur:2 cpbdur:2 q:32.71 aq:27.03 tex:1775 mv:3249 misc:1960 imb:2 pmb:444 smb:3154 d:s ref:0 ;
in:51 out:53 type:b dur:2 cpbdur:2 q:32.71 aq:31.22 tex:346 mv:179 misc:419 imb:0 pmb:33 smb:3567 d:s ref:0 ;
in:52 out:54 type:b dur:2 cpbdur:2 q:32.71 aq:30.49 tex:126 mv:102 misc:300 imb:0 pmb:11 smb:3589 d:s ref:0 ;
in:54 out:55 type:b dur:2 cpbdur:2 q:32.71 aq:28.01 tex:222 mv:136 misc:394 imb:0 pmb:27 smb:3573 d:- ref:0 ;
in:55 out:56 type:b dur:2 cpbdur:2 q:32.71 aq:20.67 tex:34 mv:98 misc:284 imb:0 pmb:9 smb:3591 d:- ref:0 ;
in:61 out:57 type:P dur:2 cpbdur:2 q:31.66 aq:23.91 tex:87684 mv:10701 misc:3023 imb:175 pmb:2447 smb:978 d:s ref:0 ;
in:58 out:58 type:B dur:2 cpbdur:2 q:32.29 aq:27.06 tex:1701 mv:1511 misc:1228 imb:1 pmb:240 smb:3359 d:s ref:0 ;
in:57 out:59 type:b dur:2 cpbdur:2 q:32.50 aq:26.57 tex:256 mv:142 misc:402 imb:0 pmb:28 smb:3572 d:s ref:0 ;
in:59 out:60 type:b dur:2 cpbdur:2 q:32.08 aq:30.99 tex:183 mv:97 misc:296 imb:0 pmb:12 smb:3588 d:- ref:0 ;
in:60 out:61 type:b dur:2 cpbdur:2 q:31.87 aq:32.17 tex:94 mv:90 misc:304 imb:0 pmb:11 smb:3589 d:- ref:0 ;
in:65 out:62 type:P dur:2 cpbdur:2 q:30.93 aq:23.51 tex:106461 mv:10583 misc:2772 imb:108 pmb:2384 smb:1108 d:s ref:0 ;
in:63 out:63 type:B dur:2 cpbdur:2 q:31.29 aq:24.42 tex:1160 mv:661 misc:483 imb:1 pmb:62 smb:3537 d:t ref:0 ;
in:62 out:64 type:b dur:2 cpbdur:2 q:31.48 aq:31.39 tex:370 mv:329 misc:357 imb:0 pmb:27 smb:3573 d:s ref:0 ;
in:64 out:65 type:b dur:2 cpbdur:2 q:31.11 aq:31.29 tex:235 mv:147 misc:322 imb:0 pmb:16 smb:3584 d:- ref:0 ;
in:68 out:66 type:P dur:2 cpbdur:2 q:30.11 aq:22.87 tex:92447 mv:7460 misc:3205 imb:71 pmb:2149 smb:1380 d:s ref:0 ;
in:66 out:67 type:B dur:2 cpbdur:2 q:30.65 aq:30.53 tex:1104 mv:582 misc:442 imb:0 pmb:49 smb:3551 d:s ref:0 ;
in:67 out:68 type:b dur:2 cpbdur:2 q:30.38 aq:30.20 tex:375 mv:191 misc:338 imb:0 pmb:20 smb:3580 d:- ref:0 ;
in:74 out:69 type:P dur:2 cpbdur:2 q:32.14 aq:25.30 tex:28860 mv:7049 misc:2963 imb:71 pmb:1127 smb:2402 d:s ref:0 ;
in:71 out:70 type:B dur:2 cpbdur:2 q:31.12 aq:27.87 tex:4476 mv:3309 misc:1647 imb:3 pmb:358 smb:3239 d:s ref:0 ;
in:69 out:71 type:b dur:2 cpbdur:2 q:30.45 aq:31.47 tex:674 mv:608 misc:414 imb:0 pmb:48 smb:3552 d:s ref:0 ;
in:70 out:72 type:b dur:2 cpbdur:2 q:30.79 aq:28.77 tex:753 mv:824 misc:839 imb:0 pmb:134 smb:3466 d:s ref:0 ;
in:72 out:73 type:b dur:2 cpbdur:2 q:31.46 aq:30.89 tex:359 mv:429 misc:308 imb:0 pmb:32 smb:3568 d:- ref:0 ;
in:73 out:74 type:b dur:2 cpbdur:2 q:31.80 aq:32.81 tex:496 mv:428 misc:356 imb:0 pmb:34 smb:3566 d:- ref:0 ;
in:79 out:75 type:P dur:2 cpbdur:2 q:31.22 aq:24.73 tex:46772 mv:9195 misc:3345 imb:113 pmb:1622 smb:1865 d:s ref:0 ;
in:76 out:76 type:B dur:2 cpbdur:2 q:31.77 aq:28.30 tex:1452 mv:2930 misc:1418 imb:4 pmb:278 smb:3318 d:s ref:0 ;
in:75 out:77 type:b dur:2 cpbdur:2 q:31.96 aq:33.79 tex:170 mv:147 misc:315 imb:0 pmb:14 smb:3586 d:s ref:0 ;
in:77 out:78 type:b dur:2 cpbdur:2 q:31.59 aq:31.16 tex:307 mv:1324 misc:1057 imb:0 pmb:177 smb:3423 d:- ref:0 ;
in:78 out:79 type:b dur:2 cpbdur:2 q:31.40 aq:31.90 tex:125 mv:928 misc:1083 imb:1 pmb:196 smb:3403 d:- ref:0 ;
in:80 out:80 type:P dur:2 cpbdur:2 q:30.91 aq:24.18 tex:24599 mv:3463 misc:3098 imb:37 pmb:972 smb:2591 d:s ref:0 ;
in:83 out:81 type:P dur:2 cpbdur:2 q:30.75 aq:24.14 tex:34261 mv:6913 misc:3522 imb:81 pmb:1482 smb:2037 d:s ref:0 ;
in:81 out:82 type:B dur:2 cpbdur:2 q:30.86 aq:28.83 tex:288 mv:333 misc:371 imb:0 pmb:28 smb:3572 d:s ref:0 ;
in:82 out:83 type:b dur:2 cpbdur:2 q:30.81 aq:29.64 tex:257 mv:316 misc:355 imb:2 pmb:26 smb:3572 d:- ref:0 ;
in:86 out:84 type:P dur:2 cpbdur:2 q:30.74 aq:24.88 tex:26699 mv:6032 misc:3277 imb:32 pmb:1270 smb:2298 d:s ref:0 ;
in:84 out:85 type:B dur:2 cpbdur:2 q:30.75 aq:27.17 tex:388 mv:293 misc:367 imb:0 pmb:27 smb:3573 d:t ref:0 ;
in:85 out:86 type:b dur:2 cpbdur:2 q:30.74 aq:23.69 tex:95 mv:245 misc:292 imb:0 pmb:17 smb:3583 d:- ref:0 ;
in:90 out:87 type:P dur:2 cpbdur:2 q:30.33 aq:25.20 tex:31675 mv:8722 misc:3347 imb:76 pmb:1593 smb:1931 d:s ref:0 ;
in:88 out:88 type:B dur:2 cpbdur:2 q:30.53 aq:30.94 tex:829 mv:2930 misc:1849 imb:1 pmb:407 smb:3192 d:s ref:0 ;
in:87 out:89 type:b dur:2 cpbdur:2 q:30.63 aq:24.07 tex:50 mv:118 misc:256 imb:0 pmb:7 smb:3593 d:s ref:0 ;
in:89 out:90 type:b dur:2 cpbdur:2 q:30.43 aq:27.99 tex:120 mv:422 misc:442 imb:0 pmb:41 smb:3559 d:- ref:0 ;
in:94 out:91 type:P dur:2 cpbdur:2 q:29.55 aq:25.71 tex:20906 mv:5487 misc:3007 imb:49 pmb:1069 smb:2482 d:s ref:0 ;
in:92 out:92 type:B dur:2 cpbdur:2 q:29.94 aq:28.72 tex:4076 mv:3543 misc:2293 imb:8 pmb:659 smb:2933 d:s ref:0 ;
in:91 out:93 type:b dur:2 cpbdur:2 q:30.13 aq:21.00 tex:3 mv:94 misc:255 imb:0 pmb:9 smb:3591 d:s ref:0 ;
in:93 out:94 type:b dur:2 cpbdur:2 q:29.74 aq:23.80 tex:154 mv:1016 misc:1230 imb:0 pmb:234 smb:3366 d:- ref:0 ;
in:98 out:95 type:P dur:2 cpbdur:2 q:28.77 aq:27.80 tex:6909 mv:5590 misc:2733 imb:59 pmb:796 smb:2745 d:s ref:0 ;
in:96 out:96 type:B dur:2 cpbdur:2 q:29.16 aq:27.23 tex:8143 mv:6897 misc:3096 imb:8 pmb:996 smb:2596 d:s ref:0 ;
in:95 out:97 type:b dur:2 cpbdur:2 q:29.35 aq:29.25 tex:839 mv:1075 misc:758 imb:0 pmb:112 smb:3488 d:s ref:0 ;
in:97 out:98 type:b dur:2 cpbdur:2 q:28.96 aq:29.23 tex:1462 mv:3024 misc:1850 imb:2 pmb:415 smb:3183 d:- ref:0 ;
in:99 out:99 type:I dur:2 cpbdur:2 q:28.18 aq:20.92 tex:253276 mv:101624 misc:188 imb:3600 pmb:0 smb:0 d:s ref:;
in:103 out:100 type:P dur:2 cpbdur:2 q:29.04 aq:21.61 tex:56072 mv:17967 misc:1881 imb:213 pmb:2922 smb:465 d:s ref:0 ;
in:101 out:101 type:B dur:2 cpbdur:2 q:29.04 aq:23.25 tex:4610 mv:5054 misc:2344 imb:0 pmb:724 smb:2876 d:s ref:0 ;
in:100 out:102 type:b dur:2 cpbdur:2 q:29.04 aq:23.38 tex:1199 mv:2075 misc:1398 imb:0 pmb:315 smb:3285 d:s ref:0 ;
in:102 out:103 type:b dur:2 cpbdur:2 q:29.04 aq:23.60 tex:1012 mv:1454 misc:1150 imb:1 pmb:202 smb:3397 d:- ref:0 ;
in:108 out:104 type:P dur:2 cpbdur:2 q:28.53 aq:21.28 tex:82473 mv:20678 misc:2537 imb:378 pmb:2470 smb:752 d:s ref:0 ;
in:105 out:105 type:B dur:2 cpbdur:2 q:28.83 aq:23.09 tex:10961 mv:8316 misc:2731 imb:15 pmb:940 smb:2645 d:t ref:0 ;
in:104 out:106 type:b dur:2 cpbdur:2 q:28.94 aq:25.75 tex:1078 mv:1692 misc:1086 imb:0 pmb:211 smb:3389 d:s ref:0 ;
in:106 out:107 type:b dur:2 cpbdur:2 q:28.73 aq:25.78 tex:2386 mv:3022 misc:1488 imb:3 pmb:332 smb:3265 d:- ref:0 ;
in:107 out:108 type:b dur:2 cpbdur:2 q:28.63 aq:27.26 tex:2013 mv:3017 misc:1274 imb:4 pmb:297 smb:3299 d:- ref:0 ;
in:114 out:109 type:P dur:2 cpbdur:2 q:27.95 aq:20.84 tex:108827 mv:24830 misc:2327 imb:513 pmb:2356 smb:731 d:s ref:0 ;
in:111 out:110 type:B dur:2 cpbdur:2 q:28.24 aq:22.74 tex:25920 mv:15667 misc:3381 imb:89 pmb:1517 smb:1994 d:s ref:0 ;
in:109 out:111 type:b dur:2 cpbdur:2 q:28.43 aq:27.44 tex:2795 mv:4056 misc:1429 imb:6 pmb:359 smb:3235 d:s ref:0 ;
in:110 out:112 type:b dur:2 cpbdur:2 q:28.34 aq:23.62 tex:250 mv:603 misc:1155 imb:0 pmb:270 smb:3330 d:s ref:0 ;
in:112 out:113 type:b dur:2 cpbdur:2 q:28.15 aq:26.66 tex:3163 mv:5007 misc:1950 imb:11 pmb:553 smb:3036 d:- ref:0 ;
in:113 out:114 type:b dur:2 cpbdur:2 q:28.05 aq:25.11 tex:4307 mv:6697 misc:2132 imb:27 pmb:617 smb:2956 d:- ref:0 ;
in:118 out:115 type:P dur:2 cpbdur:2 q:27.36 aq:20.24 tex:104276 mv:24842 misc:2250 imb:517 pmb:2468 smb:615 d:s ref:0 ;
in:116 out:116 type:B dur:2 cpbdur:2 q:27.66 aq:22.76 tex:10264 mv:11244 misc:3164 imb:19 pmb:1156 smb:2425 d:s ref:0 ;
in:115 out:117 type:b dur:2 cpbdur:2 q:27.81 aq:23.89 tex:531 mv:1101 misc:1744 imb:1 pmb:414 smb:3185 d:s ref:0 ;
in:117 out:118 type:b dur:2 cpbdur:2 q:27.51 aq:23.98 tex:2593 mv:6445 misc:2570 imb:10 pmb:726 smb:2864 d:- ref:0 ;
in:123 out:119 type:P dur:2 cpbdur:2 q:27.58 aq:20.74 tex:121919 mv:26322 misc:2103 imb:870 pmb:2098 smb:632 d:s ref:0 ;
in:120 out:120 type:B dur:2 cpbdur:2 q:27.45 aq:22.53 tex:19363 mv:18531 misc:3146 imb:110 pmb:1434 smb:2056 d:s ref:0 ;
in:119 out:121 type:b dur:2 cpbdur:2 q:27.40 aq:23.71 tex:2748 mv:5518 misc:2022 imb:9 pmb:513 smb:3078 d:s ref:0 ;
in:121 out:122 type:b dur:2 cpbdur:2 q:27.49 aq:22.80 tex:1093 mv:2107 misc:1912 imb:20 pmb:462 smb:3118 d:- ref:0 ;
in:122 out:123 type:b dur:2 cpbdur:2 q:27.54 aq:25.39 tex:4307 mv:7810 misc:2339 imb:20 pmb:701 smb:2879 d:- ref:0 ;
in:127 out:124 type:P dur:2 cpbdur:2 q:27.45 aq:20.64 tex:111847 mv:24989 misc:2460 imb:678 pmb:2124 smb:798 d:s ref:0 ;
in:125 out:125 type:B dur:2 cpbdur:2 q:27.52 aq:23.93 tex:15112 mv:14780 misc:2764 imb:70 pmb:1180 smb:2350 d:s ref:0 ;
in:124 out:126 type:b dur:2 cpbdur:2 q:27.55 aq:24.76 tex:4030 mv:6615 misc:2179 imb:21 pmb:581 smb:2998 d:s ref:0 ;
in:126 out:127 type:b dur:2 cpbdur:2 q:27.48 aq:24.83 tex:4734 mv:6922 misc:2208 imb:24 pmb:612 smb:2964 d:- ref:0 ;
in:131 out:128 type:P dur:2 cpbdur:2 q:27.51 aq:20.60 tex:103584 mv:24955 misc:2485 imb:582 pmb:2229 smb:789 d:s ref:0 ;
in:129 out:129 type:B dur:2 cpbdur:2 q:27.48 aq:24.19 tex:12613 mv:12250 misc:2873 imb:34 pmb:1037 smb:2529 d:t ref:0 ;
in:128 out:130 type:b dur:2 cpbdur:2 q:27.47 aq:24.62 tex:4459 mv:5755 misc:1938 imb:10 pmb:510 smb:3080 d:s ref:0 ;
in:130 out:131 type:b dur:2 cpbdur:2 q:27.50 aq:24.01 tex:3601 mv:5235 misc:1940 imb:10 pmb:494 smb:3096 d:- ref:0 ;
in:135 out:132 type:P dur:2 cpbdur:2 q:27.37 aq:20.59 tex:82084 mv:22817 misc:2619 imb:434 pmb:2281 smb:885 d:s ref:0 ;
in:133 out:133 type:B dur:2 cpbdur:2 q:27.44 aq:23.83 tex:8491 mv:9052 misc:2609 imb:30 pmb:815 smb:2755 d:s ref:0 ;
in:132 out:134 type:b dur:2 cpbdur:2 q:27.47 aq:25.98 tex:3533 mv:4185 misc:1786 imb:9 pmb:414 smb:3177 d:s ref:0 ;
in:134 out:135 type:b dur:2 cpbdur:2 q:27.40 aq:24.05 tex:803 mv:1304 misc:1725 imb:3 pmb:407 smb:3190 d:- ref:0 ;
in:140 out:136 type:P dur:2 cpbdur:2 q:27.41 aq:21.46 tex:72625 mv:21077 misc:2714 imb:405 pmb:2093 smb:1102 d:s ref:0 ;
in:137 out:137 type:B dur:2 cpbdur:2 q:27.38 aq:24.40 tex:10770 mv:10564 misc:2882 imb:31 pmb:1021 smb:2548 d:s ref:0 ;
in:136 out:138 type:b dur:2 cpbdur:2 q:27.38 aq:25.51 tex:3028 mv:4216 misc:1732 imb:16 pmb:388 smb:3196 d:s ref:0 ;
in:138 out:139 type:b dur:2 cpbdur:2 q:27.39 aq:25.94 tex:5729 mv:7285 misc:2418 imb:18 pmb:744 smb:2838 d:- ref:0 ;
in:139 out:140 type:b dur:2 cpbdur:2 q:27.40 aq:23.82 tex:950 mv:1571 misc:1951 imb:1 pmb:491 smb:3108 d:- ref:0 ;
in:144 out:141 type:P dur:2 cpbdur:2 q:27.38 aq:22.42 tex:70646 mv:21336 misc:2690 imb:471 pmb:1877 smb:1252 d:s ref:0 ;
in:142 out:142 type:B dur:2 cpbdur:2 q:27.40 aq:23.79 tex:13768 mv:13061 misc:3027 imb:38 pmb:1166 smb:2396 d:s ref:0 ;
in:141 out:143 type:b dur:2 cpbdur:2 q:27.40 aq:26.33 tex:5202 mv:7046 misc:2376 imb:15 pmb:677 smb:2908 d:s ref:0 ;
in:143 out:144 type:b dur:2 cpbdur:2 q:27.39 aq:25.66 tex:4545 mv:5094 misc:2177 imb:8 pmb:545 smb:3047 d:- ref:0 ;
in:147 out:145 type:P dur:2 cpbdur:2 q:27.56 aq:25.32 tex:27256 mv:15160 misc:2968 imb:311 pmb:1321 smb:1968 d:s ref:0 ;
in:145 out:146 type:B dur:2 cpbdur:2 q:27.44 aq:23.04 tex:1100 mv:2275 misc:2297 imb:6 pmb:594 smb:3000 d:s ref:0 ;
in:146 out:147 type:b dur:2 cpbdur:2 q:27.50 aq:26.12 tex:8295 mv:8960 misc:2641 imb:17 pmb:867 smb:2716 d:- ref:0 ;
in:148 out:148 type:I dur:2 cpbdur:2 q:24.95 aq:16.44 tex:290008 mv:63724 misc:196 imb:3600 pmb:0 smb:0 d:s ref:;
in:153 out:149 type:P dur:2 cpbdur:2 q:28.13 aq:18.96 tex:51465 mv:19338 misc:1541 imb:1458 pmb:1704 smb:438 d:s ref:0 ;
in:150 out:150 type:B dur:2 cpbdur:2 q:28.13 aq:19.67 tex:12230 mv:9750 misc:3172 imb:72 pmb:1363 smb:2165 d:s ref:0 ;
in:149 out:151 type:b dur:2 cpbdur:2 q:28.13 aq:19.41 tex:5737 mv:3327 misc:2136 imb:11 pmb:738 smb:2851 d:s ref:0 ;
in:151 out:152 type:b dur:2 cpbdur:2 q:28.13 aq:19.87 tex:4375 mv:4489 misc:2240 imb:14 pmb:657 smb:2929 d:- ref:0 ;
in:152 out:153 type:b dur:2 cpbdur:2 q:28.13 aq:18.54 tex:4589 mv:1609 misc:2210 imb:6 pmb:906 smb:2688 d:- ref:0 ;
in:157 out:154 type:P dur:2 cpbdur:2 q:27.90 aq:19.21 tex:57979 mv:18259 misc:2730 imb:1036 pmb:1349 smb:1215 d:s ref:0 ;
in:155 out:155 type:B dur:2 cpbdur:2 q:28.02 aq:21.46 tex:6711 mv:8947 misc:2886 imb:56 pmb:953 smb:2591 d:s ref:0 ;
in:154 out:156 type:b dur:2 cpbdur:2 q:28.08 aq:23.01 tex:3579 mv:7341 misc:2568 imb:27 pmb:748 smb:2825 d:s ref:0 ;
in:156 out:157 type:b dur:2 cpbdur:2 q:27.96 aq:21.34 tex:1561 mv:3244 misc:1835 imb:6 pmb:458 smb:3136 d:- ref:0 ;
in:162 out:158 type:P dur:2 cpbdur:2 q:27.52 aq:18.55 tex:49994 mv:16374 misc:2960 imb:623 pmb:1471 smb:1506 d:s ref:0 ;
in:159 out:159 type:B dur:2 cpbdur:2 q:27.75 aq:21.28 tex:6058 mv:8623 misc:2775 imb:39 pmb:890 smb:2671 d:s ref:0 ;
in:158 out:160 type:b dur:2 cpbdur:2 q:27.83 aq:22.86 tex:2084 mv:2991 misc:1549 imb:20 pmb:318 smb:3262 d:s ref:0 ;
in:160 out:161 type:b dur:2 cpbdur:2 q:27.68 aq:22.31 tex:1610 mv:2801 misc:1541 imb:16 pmb:329 smb:3255 d:- ref:0 ;
in:161 out:162 type:b dur:2 cpbdur:2 q:27.60 aq:24.61 tex:1769 mv:3087 misc:1552 imb:20 pmb:337 smb:3243 d:- ref:0 ;
in:168 out:163 type:P dur:2 cpbdur:2 q:27.23 aq:18.83 tex:32143 mv:12897 misc:3184 imb:397 pmb:1357 smb:1846 d:s ref:0 ;
in:165 out:164 type:B dur:2 cpbdur:2 q:27.38 aq:21.34 tex:5226 mv:6503 misc:2687 imb:49 pmb:700 smb:2851 d:s ref:0 ;
in:163 out:165 type:b dur:2 cpbdur:2 q:27.48 aq:22.57 tex:705 mv:2315 misc:1252 imb:6 pmb:249 smb:3345 d:s ref:0 ;
in:164 out:166 type:b dur:2 cpbdur:2 q:27.43 aq:16.25 tex:303 mv:1044 misc:1261 imb:3 pmb:257 smb:3340 d:s ref:0 ;
in:166 out:167 type:b dur:2 cpbdur:2 q:27.33 aq:21.04 tex:1021 mv:2430 misc:1509 imb:14 pmb:285 smb:3301 d:- ref:0 ;
in:167 out:168 type:b dur:2 cpbdur:2 q:27.28 aq:22.89 tex:886 mv:2058 misc:1064 imb:7 pmb:222 smb:3371 d:- ref:0 ;
in:173 out:169 type:P dur:2 cpbdur:2 q:27.15 aq:18.48 tex:43119 mv:14498 misc:2887 imb:403 pmb:1494 smb:1703 d:s ref:0 ;
in:170 out:170 type:B dur:2 cpbdur:2 q:27.20 aq:21.93 tex:5499 mv:6739 misc:2674 imb:20 pmb:752 smb:2828 d:s ref:0 ;
in:169 out:171 type:b dur:2 cpbdur:2 q:27.21 aq:21.58 tex:966 mv:1074 misc:824 imb:5 pmb:123 smb:3472 d:s ref:0 ;
in:171 out:172 type:b dur:2 cpbdur:2 q:27.18 aq:23.23 tex:999 mv:1914 misc:1359 imb:5 pmb:288 smb:3307 d:- ref:0 ;
in:172 out:173 type:b dur:2 cpbdur:2 q:27.17 aq:22.89 tex:1848 mv:3247 misc:1585 imb:10 pmb:367 smb:3223 d:- ref:0 ;
in:179 out:174 type:P dur:2 cpbdur:2 q:26.82 aq:18.55 tex:45712 mv:18440 misc:2792 imb:697 pmb:1465 smb:1438 d:s ref:0 ;
in:176 out:175 type:B dur:2 cpbdur:2 q:26.99 aq:21.10 tex:9708 mv:11290 misc:3138 imb:72 pmb:1138 smb:2390 d:s ref:0 ;
in:174 out:176 type:b dur:2 cpbdur:2 q:27.10 aq:21.81 tex:1623 mv:4836 misc:2093 imb:10 pmb:529 smb:3061 d:s ref:0 ;
in:175 out:177 type:b dur:2 cpbdur:2 q:27.04 aq:22.11 tex:1619 mv:4547 misc:2026 imb:11 pmb:530 smb:3059 d:s ref:0 ;
in:177 out:178 type:b dur:2 cpbdur:2 q:26.93 aq:17.58 tex:660 mv:1317 misc:1471 imb:8 pmb:303 smb:3289 d:- ref:0 ;
in:178 out:179 type:b dur:2 cpbdur:2 q:26.88 aq:20.72 tex:923 mv:3147 misc:1514 imb:11 pmb:329 smb:3260 d:- ref:0 ;
in:186 out:180 type:P dur:2 cpbdur:2 q:26.22 aq:19.14 tex:52916 mv:20226 misc:2682 imb:823 pmb:1502 smb:1275 d:s ref:0 ;
in:182 out:181 type:B dur:2 cpbdur:2 q:26.56 aq:20.97 tex:14073 mv:13951 misc:3016 imb:111 pmb:1188 smb:2301 d:s ref:0 ;
in:180 out:182 type:b dur:2 cpbdur:2 q:26.73 aq:23.49 tex:1574 mv:3728 misc:1738 imb:13 pmb:403 smb:3184 d:s ref:0 ;
in:181 out:183 type:b dur:2 cpbdur:2 q:26.65 aq:23.89 tex:1851 mv:3834 misc:1771 imb:11 pmb:402 smb:3187 d:s ref:0 ;
in:183 out:184 type:b dur:2 cpbdur:2 q:26.48 aq:21.69 tex:3887 mv:6090 misc:2135 imb:45 pmb:625 smb:2930 d:- ref:0 ;
in:184 out:185 type:b dur:2 cpbdur:2 q:26.39 aq:22.45 tex:6348 mv:8758 misc:2534 imb:65 pmb:789 smb:2746 d:- ref:0 ;
in:185 out:186 type:b dur:2 cpbdur:2 q:26.31 aq:22.41 tex:4750 mv:7308 misc:2310 imb:53 pmb:704 smb:2843 d:- ref:0 ;
in:191 out:187 type:P dur:2 cpbdur:2 q:25.66 aq:19.45 tex:50643 mv:20119 misc:2534 imb:906 pmb:1441 smb:1253 d:s ref:0 ;
in:188 out:188 type:B dur:2 cpbdur:2 q:25.99 aq:20.83 tex:16059 mv:15339 misc:3018 imb:132 pmb:1297 smb:2171 d:s ref:0 ;
in:187 out:189 type:b dur:2 cpbdur:2 q:26.11 aq:20.79 tex:3310 mv:4317 misc:1917 imb:19 pmb:445 smb:3136 d:s ref:0 ;
in:189 out:190 type:b dur:2 cpbdur:2 q:25.88 aq:17.99 tex:1818 mv:2442 misc:1988 imb:16 pmb:496 smb:3088 d:- ref:0 ;
in:190 out:191 type:b dur:2 cpbdur:2 q:25.77 aq:21.18 tex:5569 mv:7706 misc:2365 imb:54 pmb:702 smb:2844 d:- ref:0 ;
in:195 out:192 type:P dur:2 cpbdur:2 q:25.41 aq:20.46 tex:35445 mv:15734 misc:2461 imb:790 pmb:993 smb:1817 d:s ref:0 ;
in:193 out:193 type:B dur:2 cpbdur:2 q:25.53 aq:20.73 tex:18531 mv:15897 misc:3124 imb:101 pmb:1449 smb:2050 d:s ref:0 ;
in:192 out:194 type:b dur:2 cpbdur:2 q:25.59 aq:22.32 tex:5656 mv:9016 misc:2648 imb:40 pmb:842 smb:2718 d:s ref:0 ;
in:194 out:195 type:b dur:2 cpbdur:2 q:25.47 aq:22.53 tex:6487 mv:8541 misc:2636 imb:41 pmb:846 smb:2713 d:- ref:0 ;
in:196 out:196 type:I dur:2 cpbdur:2 q:23.70 aq:17.40 tex:217502 mv:99361 misc:217 imb:3600 pmb:0 smb:0 d:s ref:;
in:200 out:197 type:P dur:2 cpbdur:2 q:25.74 aq:19.91 tex:110996 mv:31832 misc:524 imb:1005 pmb:2556 smb:39 d:s ref:0 ;
in:198 out:198 type:B dur:2 cpbdur:2 q:25.74 aq:20.37 tex:33996 mv:21208 misc:2860 imb:136 pmb:2591 smb:873 d:s ref:0 ;
in:197 out:199 type:b dur:2 cpbdur:2 q:25.74 aq:21.15 tex:17795 mv:12479 misc:3406 imb:53 pmb:1601 smb:1946 d:s ref:0 ;
in:199 out:200 type:b dur:2 cpbdur:2 q:25.74 aq:21.51 tex:18609 mv:12482 misc:3381 imb:34 pmb:1408 smb:2158 d:- ref:0 ;
in:204 out:201 type:P dur:2 cpbdur:2 q:25.70 aq:19.83 tex:139040 mv:33046 misc:914 imb:1439 pmb:2050 smb:111 d:s ref:0 ;
in:202 out:202 type:B dur:2 cpbdur:2 q:25.72 aq:20.24 tex:72565 mv:26499 misc:3048 imb:355 pmb:2091 smb:1154 d:s ref:0 ;
in:201 out:203 type:b dur:2 cpbdur:2 q:25.73 aq:21.86 tex:40528 mv:20818 misc:3238 imb:162 pmb:1840 smb:1598 d:s ref:0 ;
in:203 out:204 type:b dur:2 cpbdur:2 q:25.71 aq:20.05 tex:4274 mv:3353 misc:2845 imb:16 pmb:821 smb:2763 d:- ref:0 ;
in:208 out:205 type:P dur:2 cpbdur:2 q:25.76 aq:19.61 tex:130360 mv:31665 misc:1551 imb:1349 pmb:1936 smb:315 d:s ref:0 ;
in:206 out:206 type:B dur:2 cpbdur:2 q:25.73 aq:21.12 tex:45594 mv:22336 misc:3406 imb:231 pmb:1857 smb:1512 d:s ref:0 ;
in:205 out:207 type:b dur:2 cpbdur:2 q:25.72 aq:22.10 tex:37764 mv:20603 misc:3273 imb:183 pmb:1714 smb:1703 d:s ref:0 ;
in:207 out:208 type:b dur:2 cpbdur:2 q:25.75 aq:20.40 tex:3423 mv:2883 misc:2662 imb:11 pmb:684 smb:2905 d:- ref:0 ;
in:213 out:209 type:P dur:2 cpbdur:2 q:25.67 aq:19.67 tex:136740 mv:31744 misc:1524 imb:1299 pmb:1955 smb:346 d:s ref:0 ;
in:210 out:210 type:B dur:2 cpbdur:2 q:25.73 aq:20.60 tex:57063 mv:27510 misc:3115 imb:276 pmb:2182 smb:1142 d:s ref:0 ;
in:209 out:211 type:b dur:2 cpbdur:2 q:25.75 aq:22.54 tex:37926 mv:19758 misc:3148 imb:227 pmb:1515 smb:1858 d:s ref:0 ;
in:211 out:212 type:b dur:2 cpbdur:2 q:25.71 aq:22.23 tex:25198 mv:15628 misc:3054 imb:93 pmb:1358 smb:2149 d:- ref:0 ;
in:212 out:213 type:b dur:2 cpbdur:2 q:25.69 aq:20.61 tex:3405 mv:2340 misc:2543 imb:10 pmb:647 smb:2943 d:- ref:0 ;
in:218 out:214 type:P dur:2 cpbdur:2 q:25.94 aq:19.46 tex:146072 mv:32432 misc:1336 imb:1470 pmb:1786 smb:344 d:s ref:0 ;
in:215 out:215 type:B dur:2 cpbdur:2 q:25.78 aq:20.63 tex:73868 mv:31887 misc:2821 imb:335 pmb:2306 smb:959 d:s ref:0 ;
in:214 out:216 type:b dur:2 cpbdur:2 q:25.73 aq:22.09 tex:34933 mv:20219 misc:3360 imb:142 pmb:1704 smb:1754 d:s ref:0 ;
in:216 out:217 type:b dur:2 cpbdur:2 q:25.84 aq:22.35 tex:34997 mv:19116 misc:3135 imb:134 pmb:1540 smb:1926 d:- ref:0 ;
in:217 out:218 type:b dur:2 cpbdur:2 q:25.89 aq:22.13 tex:24196 mv:17107 misc:3241 imb:94 pmb:1417 smb:2089 d:- ref:0 ;
in:223 out:219 type:P dur:2 cpbdur:2 q:26.48 aq:20.03 tex:141852 mv:31791 misc:1477 imb:1488 pmb:1764 smb:348 d:s ref:0 ;
in:220 out:220 type:B dur:2 cpbdur:2 q:26.16 aq:20.75 tex:49798 mv:25355 misc:3311 imb:215 pmb:1870 smb:1515 d:s ref:0 ;
in:219 out:221 type:b dur:2 cpbdur:2 q:26.05 aq:22.90 tex:18564 mv:13929 misc:3147 imb:54 pmb:1187 smb:2359 d:s ref:0 ;
in:221 out:222 type:b dur:2 cpbdur:2 q:26.26 aq:22.53 tex:20786 mv:13280 misc:3142 imb:103 pmb:1177 smb:2320 d:- ref:0 ;
in:222 out:223 type:b dur:2 cpbdur:2 q:26.37 aq:22.42 tex:20030 mv:13673 misc:3041 imb:70 pmb:1130 smb:2400 d:- ref:0 ;
in:229 out:224 type:P dur:2 cpbdur:2 q:26.95 aq:20.87 tex:100586 mv:27994 misc:2140 imb:1250 pmb:1719 smb:631 d:s ref:0 ;
in:226 out:225 type:B dur:2 cpbdur:2 q:26.71 aq:20.82 tex:56791 mv:20995 misc:3382 imb:210 pmb:1979 smb:1411 d:s ref:0 ;
in:224 out:226 type:b dur:2 cpbdur:2 q:26.56 aq:22.55 tex:18913 mv:13614 misc:3009 imb:89 pmb:1134 smb:2377 d:s ref:0 ;
in:225 out:227 type:b dur:2 cpbdur:2 q:26.63 aq:22.50 tex:24275 mv:15193 misc:2980 imb:121 pmb:1190 smb:2289 d:s ref:0 ;
in:227 out:228 type:b dur:2 cpbdur:2 q:26.79 aq:21.12 tex:1246 mv:1453 misc:1789 imb:1 pmb:406 smb:3193 d:- ref:0 ;
in:228 out:229 type:b dur:2 cpbdur:2 q:26.87 aq:24.87 tex:16196 mv:7764 misc:2192 imb:54 pmb:689 smb:2857 d:- ref:0 ;
in:233 out:230 type:P dur:2 cpbdur:2 q:27.18 aq:21.38 tex:56166 mv:24295 misc:2603 imb:754 pmb:1902 smb:944 d:s ref:0 ;
in:231 out:231 type:B dur:2 cpbdur:2 q:27.07 aq:21.58 tex:27599 mv:15954 misc:3527 imb:120 pmb:1673 smb:1807 d:s ref:0 ;
in:230 out:232 type:b dur:2 cpbdur:2 q:27.01 aq:23.65 tex:18067 mv:11469 misc:3144 imb:57 pmb:1120 smb:2423 d:s ref:0 ;
in:232 out:233 type:b dur:2 cpbdur:2 q:27.13 aq:21.21 tex:1077 mv:1767 misc:1788 imb:9 pmb:372 smb:3219 d:- ref:0 ;
in:237 out:234 type:P dur:2 cpbdur:2 q:27.53 aq:21.52 tex:64723 mv:25399 misc:2478 imb:1161 pmb:1627 smb:812 d:s ref:0 ;
in:235 out:235 type:B dur:2 cpbdur:2 q:27.36 aq:21.97 tex:25626 mv:15791 misc:3583 imb:217 pmb:1461 smb:1922 d:s ref:0 ;
in:234 out:236 type:b dur:2 cpbdur:2 q:27.27 aq:22.36 tex:17530 mv:13013 misc:3401 imb:137 pmb:1251 smb:2212 d:s ref:0 ;
in:236 out:237 type:b dur:2 cpbdur:2 q:27.44 aq:22.23 tex:3193 mv:3382 misc:2617 imb:37 pmb:659 smb:2904 d:- ref:0 ;
in:241 out:238 type:P dur:2 cpbdur:2 q:27.75 aq:21.88 tex:52850 mv:25846 misc:2456 imb:1170 pmb:1635 smb:795 d:s ref:0 ;
in:239 out:239 type:B dur:2 cpbdur:2 q:27.64 aq:22.02 tex:30579 mv:19213 misc:3456 imb:254 pmb:1753 smb:1593 d:s ref:0 ;
in:238 out:240 type:b dur:2 cpbdur:2 q:27.58 aq:23.00 tex:18601 mv:14001 misc:3350 imb:165 pmb:1259 smb:2176 d:s ref:0 ;
in:240 out:241 type:b dur:2 cpbdur:2 q:27.70 aq:22.71 tex:16551 mv:11214 misc:3131 imb:114 pmb:1020 smb:2466 d:- ref:0 ;
in:244 out:242 type:P dur:2 cpbdur:2 q:27.82 aq:22.64 tex:30031 mv:18044 misc:3221 imb:843 pmb:1165 smb:1592 d:s ref:0 ;
in:242 out:243 type:B dur:2 cpbdur:2 q:27.77 aq:23.51 tex:14471 mv:9657 misc:2920 imb:84 pmb:894 smb:2622 d:s ref:0 ;
in:243 out:244 type:b dur:2 cpbdur:2 q:27.80 aq:23.89 tex:12841 mv:9244 misc:3059 imb:87 pmb:910 smb:2603 d:- ref:0 ;
in:245 out:245 type:I dur:2 cpbdur:2 q:24.03 aq:18.54 tex:189909 mv:78773 misc:222 imb:3600 pmb:0 smb:0 d:s ref:;
in:246 out:246 type:P dur:2 cpbdur:2 q:28.27 aq:21.68 tex:20558 mv:10415 misc:3075 imb:393 pmb:1234 smb:1973 d:s ref:0 ;
in:249 out:247 type:P dur:2 cpbdur:2 q:28.27 aq:22.68 tex:42633 mv:19103 misc:2672 imb:1036 pmb:1467 smb:1097 d:s ref:0 ;
in:247 out:248 type:B dur:2 cpbdur:2 q:28.27 aq:23.09 tex:13982 mv:9675 misc:2271 imb:258 pmb:731 smb:2611 d:s ref:0 ;
in:248 out:249 type:b dur:2 cpbdur:2 q:28.27 aq:23.58 tex:12711 mv:9072 misc:2121 imb:236 pmb:691 smb:2673 d:- ref:0 ;
in:250 out:250 type:P dur:2 cpbdur:2 q:28.26 aq:22.06 tex:55628 mv:18571 misc:2857 imb:1064 pmb:1394 smb:1142 d:s ref:0 ;
in:255 out:251 type:P dur:2 cpbdur:2 q:28.25 aq:22.60 tex:64682 mv:22973 misc:2417 imb:1274 pmb:1347 smb:979 d:s ref:0 ;
in:252 out:252 type:B dur:2 cpbdur:2 q:28.26 aq:23.41 tex:31775 mv:15507 misc:2654 imb:456 pmb:1030 smb:2114 d:s ref:0 ;
in:251 out:253 type:b dur:2 cpbdur:2 q:28.26 aq:21.61 tex:940 mv:1258 misc:1418 imb:12 pmb:288 smb:3300 d:s ref:0 ;
in:253 out:254 type:b dur:2 cpbdur:2 q:28.25 aq:24.95 tex:30340 mv:13533 misc:2335 imb:409 pmb:758 smb:2433 d:- ref:0 ;
in:254 out:255 type:b dur:2 cpbdur:2 q:28.25 aq:25.34 tex:23038 mv:12430 misc:1988 imb:288 pmb:808 smb:2504 d:- ref:0 ;
in:257 out:256 type:P dur:2 cpbdur:2 q:28.25 aq:24.11 tex:39586 mv:15564 misc:2538 imb:762 pmb:924 smb:1914 d:s ref:0 ;
in:256 out:257 type:b dur:2 cpbdur:2 q:28.25 aq:23.15 tex:881 mv:1230 misc:1393 imb:5 pmb:288 smb:3307 d:s ref:0 ;
in:258 out:258 type:P dur:2 cpbdur:2 q:28.30 aq:23.07 tex:85470 mv:23645 misc:2133 imb:1167 pmb:1346 smb:1087 d:s ref:0 ;
in:262 out:259 type:P dur:2 cpbdur:2 q:28.36 aq:23.17 tex:67948 mv:24665 misc:2275 imb:1098 pmb:1597 smb:905 d:s ref:0 ;
in:260 out:260 type:B dur:2 cpbdur:2 q:28.33 aq:23.56 tex:40709 mv:18448 misc:2723 imb:244 pmb:1490 smb:1866 d:t ref:0 ;
in:259 out:261 type:b dur:2 cpbdur:2 q:28.31 aq:27.14 tex:13610 mv:10382 misc:2224 imb:102 pmb:866 smb:2632 d:s ref:0 ;
in:261 out:262 type:b dur:2 cpbdur:2 q:28.34 aq:22.25 tex:1174 mv:1346 misc:1760 imb:4 pmb:432 smb:3164 d:- ref:0 ;
in:266 out:263 type:P dur:2 cpbdur:2 q:28.42 aq:23.09 tex:86271 mv:24707 misc:2142 imb:1610 pmb:1126 smb:864 d:s ref:0 ;
in:264 out:264 type:B dur:2 cpbdur:2 q:28.39 aq:24.44 tex:35174 mv:20735 misc:2579 imb:276 pmb:1397 smb:1927 d:s ref:0 ;
in:263 out:265 type:b dur:2 cpbdur:2 q:28.37 aq:27.00 tex:15460 mv:12925 misc:2223 imb:116 pmb:934 smb:2550 d:s ref:0 ;
in:265 out:266 type:b dur:2 cpbdur:2 q:28.41 aq:26.23 tex:16388 mv:14046 misc:2454 imb:91 pmb:1072 smb:2437 d:- ref:0 ;
in:269 out:267 type:P dur:2 cpbdur:2 q:28.35 aq:23.29 tex:93181 mv:23171 misc:2248 imb:1302 pmb:1164 smb:1134 d:s ref:0 ;
in:267 out:268 type:B dur:2 cpbdur:2 q:28.40 aq:25.58 tex:28635 mv:17048 misc:2173 imb:280 pmb:1054 smb:2266 d:s ref:0 ;
in:268 out:269 type:b dur:2 cpbdur:2 q:28.38 aq:26.22 tex:26380 mv:17075 misc:2257 imb:296 pmb:1058 smb:2246 d:- ref:0 ;
in:273 out:270 type:P dur:2 cpbdur:2 q:28.48 aq:23.39 tex:70275 mv:21593 misc:2092 imb:1603 pmb:984 smb:1013 d:s ref:0 ;
in:271 out:271 type:B dur:2 cpbdur:2 q:28.42 aq:24.26 tex:46464 mv:22142 misc:2490 imb:472 pmb:1407 smb:1721 d:s ref:0 ;
in:270 out:272 type:b dur:2 cpbdur:2 q:28.38 aq:25.72 tex:19947 mv:13519 misc:2462 imb:147 pmb:1068 smb:2385 d:s ref:0 ;
in:272 out:273 type:b dur:2 cpbdur:2 q:28.45 aq:26.17 tex:23457 mv:16092 misc:2235 imb:323 pmb:1015 smb:2262 d:- ref:0 ;
in:277 out:274 type:P dur:2 cpbdur:2 q:28.45 aq:23.85 tex:66759 mv:20942 misc:2035 imb:1586 pmb:1004 smb:1010 d:s ref:0 ;
in:275 out:275 type:B dur:2 cpbdur:2 q:28.47 aq:23.19 tex:70132 mv:22012 misc:2512 imb:745 pmb:1213 smb:1642 d:s ref:0 ;
in:274 out:276 type:b dur:2 cpbdur:2 q:28.47 aq:22.58 tex:1640 mv:1225 misc:1519 imb:23 pmb:281 smb:3296 d:s ref:0 ;
in:276 out:277 type:b dur:2 cpbdur:2 q:28.46 aq:25.75 tex:13983 mv:10757 misc:2324 imb:134 pmb:909 smb:2557 d:- ref:0 ;
in:278 out:278 type:P dur:2 cpbdur:2 q:28.51 aq:23.61 tex:78174 mv:22232 misc:2002 imb:1557 pmb:980 smb:1063 d:s ref:0 ;
in:282 out:279 type:P dur:2 cpbdur:2 q:28.55 aq:24.77 tex:59357 mv:19891 misc:1904 imb:1603 pmb:793 smb:1204 d:s ref:0 ;
in:280 out:280 type:B dur:2 cpbdur:2 q:28.53 aq:23.71 tex:51376 mv:19666 misc:2774 imb:378 pmb:1489 smb:1733 d:s ref:0 ;
in:279 out:281 type:b dur:2 cpbdur:2 q:28.52 aq:23.38 tex:1290 mv:1203 misc:1467 imb:16 pmb:316 smb:3268 d:s ref:0 ;
in:281 out:282 type:b dur:2 cpbdur:2 q:28.54 aq:26.27 tex:27264 mv:14725 misc:2347 imb:333 pmb:924 smb:2343 d:- ref:0 ;
